{
  "stats": {
    "suites": 2,
    "tests": 1,
    "passes": 0,
    "pending": 0,
    "failures": 1,
    "start": "2023-09-25T17:45:59.763Z",
    "end": "2023-09-25T17:46:04.603Z",
    "duration": 4840,
    "testsRegistered": 1,
    "passPercent": 0,
    "pendingPercent": 0,
    "other": 0,
    "hasOther": false,
    "skipped": 0,
    "hasSkipped": false
  },
  "results": [
    {
      "uuid": "4b266a20-6fd3-4bf7-a181-3489c1fc2d91",
      "title": "",
      "fullFile": "cypress\\e2e\\ab_testing_spec.cy.js",
      "file": "cypress\\e2e\\ab_testing_spec.cy.js",
      "beforeHooks": [],
      "afterHooks": [],
      "tests": [],
      "suites": [
        {
          "uuid": "4b20099d-c0cd-4ecb-b8e1-2b31d344f89e",
          "title": "Testar página A/B Testing na url http://the-internet.herokuapp.com/",
          "fullFile": "",
          "file": "",
          "beforeHooks": [],
          "afterHooks": [],
          "tests": [],
          "suites": [
            {
              "uuid": "a135a7a4-9265-4c24-9dd4-6f2005f668a6",
              "title": "Dado o click no link A/B Testing",
              "fullFile": "",
              "file": "",
              "beforeHooks": [],
              "afterHooks": [],
              "tests": [
                {
                  "title": "Então válido a mensagem da página",
                  "fullTitle": "Testar página A/B Testing na url http://the-internet.herokuapp.com/ Dado o click no link A/B Testing Então válido a mensagem da página",
                  "timedOut": null,
                  "duration": 4462,
                  "state": "failed",
                  "speed": null,
                  "pass": false,
                  "fail": true,
                  "pending": false,
                  "context": null,
                  "code": "cy.get('@ab_testing').then(ab_testing => {\n  cy.contains('A/B Testing').click();\n  cy.get(ab_testing.title.locator).should('be.visible').then(el => {\n    if (el[0].innerHTML.includes('Control')) {\n      expect(el[0].innerHTML, 'Assert Title').equal(ab_testing.title.control);\n    } else {\n      expect(el[0].innerHTML, 'Assert Title').equal(ab_testing.title.variation);\n    }\n    cy.get(ab_testing.description.locator).should('be.visible').then(el => {\n      expect(el[0].innerHTML, 'Assert Text').equal(ab_testing.description.text);\n    });\n  });\n});",
                  "err": {
                    "message": "CypressError: Timed out after waiting `4000ms` for your remote page to load.\n\nYour page did not fire its `load` event within `4000ms`.\n\nYou can try increasing the `pageLoadTimeout` value in `hml_cypress.config.js` to wait longer.\n\nBrowsers will not fire the `load` event until all stylesheets and scripts are done downloading.\n\nWhen this `load` event occurs, Cypress will continue running commands.\n\nBecause this error occurred during a `before each` hook we are skipping the remaining tests in the current suite: `Testar página A/B Testing n...`",
                    "estack": "CypressError: Timed out after waiting `4000ms` for your remote page to load.\n\nYour page did not fire its `load` event within `4000ms`.\n\nYou can try increasing the `pageLoadTimeout` value in `hml_cypress.config.js` to wait longer.\n\nBrowsers will not fire the `load` event until all stylesheets and scripts are done downloading.\n\nWhen this `load` event occurs, Cypress will continue running commands.\n\nBecause this error occurred during a `before each` hook we are skipping the remaining tests in the current suite: `Testar página A/B Testing n...`\n    at timedOutWaitingForPageLoad (http://the-internet.herokuapp.com/__cypress/runner/cypress_runner.js:130009:64)\n    at <unknown> (http://the-internet.herokuapp.com/__cypress/runner/cypress_runner.js:130983:16)\n    at tryCatcher (http://the-internet.herokuapp.com/__cypress/runner/cypress_runner.js:1807:23)\n    at <unknown> (http://the-internet.herokuapp.com/__cypress/runner/cypress_runner.js:4186:41)\n    at tryCatcher (http://the-internet.herokuapp.com/__cypress/runner/cypress_runner.js:1807:23)\n    at Promise._settlePromiseFromHandler (http://the-internet.herokuapp.com/__cypress/runner/cypress_runner.js:1519:31)\n    at Promise._settlePromise (http://the-internet.herokuapp.com/__cypress/runner/cypress_runner.js:1576:18)\n    at Promise._settlePromise0 (http://the-internet.herokuapp.com/__cypress/runner/cypress_runner.js:1621:10)\n    at Promise._settlePromises (http://the-internet.herokuapp.com/__cypress/runner/cypress_runner.js:1697:18)\n    at _drainQueueStep (http://the-internet.herokuapp.com/__cypress/runner/cypress_runner.js:2407:12)\n    at _drainQueue (http://the-internet.herokuapp.com/__cypress/runner/cypress_runner.js:2400:9)\n    at Async._drainQueues (http://the-internet.herokuapp.com/__cypress/runner/cypress_runner.js:2416:5)\n    at Async.drainQueues (http://the-internet.herokuapp.com/__cypress/runner/cypress_runner.js:2286:14)\nFrom Your Spec Code:\n    at Context.eval (webpack:///../cypress/support/commands.js:6:7)",
                    "diff": null
                  },
                  "uuid": "7046eef3-2b0e-4f3e-9f6e-746ad747dcce",
                  "parentUUID": "a135a7a4-9265-4c24-9dd4-6f2005f668a6",
                  "isHook": false,
                  "skipped": false
                }
              ],
              "suites": [],
              "passes": [],
              "failures": [
                "7046eef3-2b0e-4f3e-9f6e-746ad747dcce"
              ],
              "pending": [],
              "skipped": [],
              "duration": 4462,
              "root": false,
              "rootEmpty": false,
              "_timeout": 2000
            }
          ],
          "passes": [],
          "failures": [],
          "pending": [],
          "skipped": [],
          "duration": 0,
          "root": false,
          "rootEmpty": false,
          "_timeout": 2000
        }
      ],
      "passes": [],
      "failures": [],
      "pending": [],
      "skipped": [],
      "duration": 0,
      "root": true,
      "rootEmpty": true,
      "_timeout": 2000
    }
  ],
  "meta": {
    "mocha": {
      "version": "7.0.1"
    },
    "mochawesome": {
      "options": {
        "quiet": false,
        "reportFilename": "mochawesome",
        "saveHtml": false,
        "saveJson": true,
        "consoleReporter": "spec",
        "useInlineDiffs": false,
        "code": true
      },
      "version": "7.1.3"
    },
    "marge": {
      "options": {
        "charts": true,
        "reportPageTitle": "Api Automation",
        "embeddedScreenshots": true,
        "inlineAssets": true,
        "saveAllAttempts": false,
        "overwrite": false,
        "html": false,
        "json": true,
        "reportDir": "cypress\\reports\\html\\.jsons"
      },
      "version": "6.2.0"
    }
  }
}