{
  "stats": {
    "suites": 2,
    "tests": 1,
    "passes": 0,
    "pending": 0,
    "failures": 1,
    "start": "2023-09-25T17:46:25.911Z",
    "end": "2023-09-25T17:46:30.245Z",
    "duration": 4334,
    "testsRegistered": 1,
    "passPercent": 0,
    "pendingPercent": 0,
    "other": 0,
    "hasOther": false,
    "skipped": 0,
    "hasSkipped": false
  },
  "results": [
    {
      "uuid": "21ffa369-60f0-436b-917e-ace282e74c77",
      "title": "",
      "fullFile": "cypress\\e2e\\broken_images_spec.cy.js",
      "file": "cypress\\e2e\\broken_images_spec.cy.js",
      "beforeHooks": [],
      "afterHooks": [],
      "tests": [],
      "suites": [
        {
          "uuid": "4ebc1c31-c6cf-4c73-ba93-fc5544382cea",
          "title": "Testar página Broken Images na url http://the-internet.herokuapp.com/",
          "fullFile": "",
          "file": "",
          "beforeHooks": [],
          "afterHooks": [],
          "tests": [],
          "suites": [
            {
              "uuid": "42767367-ac97-4557-8d17-9e9b8d0de79c",
              "title": "Dado o click no link Broken Images",
              "fullFile": "",
              "file": "",
              "beforeHooks": [],
              "afterHooks": [],
              "tests": [
                {
                  "title": "Então valido o carregamento das imagens",
                  "fullTitle": "Testar página Broken Images na url http://the-internet.herokuapp.com/ Dado o click no link Broken Images Então valido o carregamento das imagens",
                  "timedOut": null,
                  "duration": 4267,
                  "state": "failed",
                  "speed": null,
                  "pass": false,
                  "fail": true,
                  "pending": false,
                  "context": null,
                  "code": "cy.get('@broken_images').then(broken_images => {\n  cy.contains(broken_images.link).click();\n  cy.get(broken_images.title.locator).then(el => {\n    expect(el[0].innerText, 'Assert Title').equal(broken_images.title.text);\n  });\n  cy.get(broken_images.images.locator).then(el => {\n    expect(el[1].currentSrc, 'Assert Broken HREF Image').equal(broken_images.images.index[0].image_one);\n    expect(el[2].currentSrc, 'Assert Broken HREF Image').equal(broken_images.images.index[1].image_two);\n    expect(el[3].currentSrc, 'Assert OK Image').equal(broken_images.images.index[2].image_three);\n  });\n});",
                  "err": {
                    "message": "CypressError: Timed out after waiting `4000ms` for your remote page to load.\n\nYour page did not fire its `load` event within `4000ms`.\n\nYou can try increasing the `pageLoadTimeout` value in `hml_cypress.config.js` to wait longer.\n\nBrowsers will not fire the `load` event until all stylesheets and scripts are done downloading.\n\nWhen this `load` event occurs, Cypress will continue running commands.\n\nBecause this error occurred during a `before each` hook we are skipping the remaining tests in the current suite: `Testar página Broken Images...`",
                    "estack": "CypressError: Timed out after waiting `4000ms` for your remote page to load.\n\nYour page did not fire its `load` event within `4000ms`.\n\nYou can try increasing the `pageLoadTimeout` value in `hml_cypress.config.js` to wait longer.\n\nBrowsers will not fire the `load` event until all stylesheets and scripts are done downloading.\n\nWhen this `load` event occurs, Cypress will continue running commands.\n\nBecause this error occurred during a `before each` hook we are skipping the remaining tests in the current suite: `Testar página Broken Images...`\n    at timedOutWaitingForPageLoad (http://the-internet.herokuapp.com/__cypress/runner/cypress_runner.js:130009:64)\n    at <unknown> (http://the-internet.herokuapp.com/__cypress/runner/cypress_runner.js:130983:16)\n    at tryCatcher (http://the-internet.herokuapp.com/__cypress/runner/cypress_runner.js:1807:23)\n    at <unknown> (http://the-internet.herokuapp.com/__cypress/runner/cypress_runner.js:4186:41)\n    at tryCatcher (http://the-internet.herokuapp.com/__cypress/runner/cypress_runner.js:1807:23)\n    at Promise._settlePromiseFromHandler (http://the-internet.herokuapp.com/__cypress/runner/cypress_runner.js:1519:31)\n    at Promise._settlePromise (http://the-internet.herokuapp.com/__cypress/runner/cypress_runner.js:1576:18)\n    at Promise._settlePromise0 (http://the-internet.herokuapp.com/__cypress/runner/cypress_runner.js:1621:10)\n    at Promise._settlePromises (http://the-internet.herokuapp.com/__cypress/runner/cypress_runner.js:1697:18)\n    at _drainQueueStep (http://the-internet.herokuapp.com/__cypress/runner/cypress_runner.js:2407:12)\n    at _drainQueue (http://the-internet.herokuapp.com/__cypress/runner/cypress_runner.js:2400:9)\n    at Async._drainQueues (http://the-internet.herokuapp.com/__cypress/runner/cypress_runner.js:2416:5)\n    at Async.drainQueues (http://the-internet.herokuapp.com/__cypress/runner/cypress_runner.js:2286:14)\nFrom Your Spec Code:\n    at Context.eval (webpack:///../cypress/support/commands.js:6:7)",
                    "diff": null
                  },
                  "uuid": "6c7fc896-5256-4be0-9ca6-9cc3d0e21ea7",
                  "parentUUID": "42767367-ac97-4557-8d17-9e9b8d0de79c",
                  "isHook": false,
                  "skipped": false
                }
              ],
              "suites": [],
              "passes": [],
              "failures": [
                "6c7fc896-5256-4be0-9ca6-9cc3d0e21ea7"
              ],
              "pending": [],
              "skipped": [],
              "duration": 4267,
              "root": false,
              "rootEmpty": false,
              "_timeout": 2000
            }
          ],
          "passes": [],
          "failures": [],
          "pending": [],
          "skipped": [],
          "duration": 0,
          "root": false,
          "rootEmpty": false,
          "_timeout": 2000
        }
      ],
      "passes": [],
      "failures": [],
      "pending": [],
      "skipped": [],
      "duration": 0,
      "root": true,
      "rootEmpty": true,
      "_timeout": 2000
    }
  ],
  "meta": {
    "mocha": {
      "version": "7.0.1"
    },
    "mochawesome": {
      "options": {
        "quiet": false,
        "reportFilename": "mochawesome",
        "saveHtml": false,
        "saveJson": true,
        "consoleReporter": "spec",
        "useInlineDiffs": false,
        "code": true
      },
      "version": "7.1.3"
    },
    "marge": {
      "options": {
        "charts": true,
        "reportPageTitle": "Api Automation",
        "embeddedScreenshots": true,
        "inlineAssets": true,
        "saveAllAttempts": false,
        "overwrite": false,
        "html": false,
        "json": true,
        "reportDir": "cypress\\reports\\html\\.jsons"
      },
      "version": "6.2.0"
    }
  }
}