{
  "stats": {
    "suites": 4,
    "tests": 3,
    "passes": 3,
    "pending": 0,
    "failures": 0,
    "start": "2023-09-25T17:46:32.442Z",
    "end": "2023-09-25T17:46:37.060Z",
    "duration": 4618,
    "testsRegistered": 3,
    "passPercent": 100,
    "pendingPercent": 0,
    "other": 0,
    "hasOther": false,
    "skipped": 0,
    "hasSkipped": false
  },
  "results": [
    {
      "uuid": "fa0e66e8-c124-4667-8024-0c4a0d819da0",
      "title": "",
      "fullFile": "cypress\\e2e\\checkboxes_spec.cy.js",
      "file": "cypress\\e2e\\checkboxes_spec.cy.js",
      "beforeHooks": [],
      "afterHooks": [],
      "tests": [],
      "suites": [
        {
          "uuid": "b4b4ea26-10fc-41c0-abb6-b513f181ed69",
          "title": "Testar página Checkboxes na url http://the-internet.herokuapp.com/",
          "fullFile": "",
          "file": "",
          "beforeHooks": [],
          "afterHooks": [],
          "tests": [],
          "suites": [
            {
              "uuid": "02ab5a51-5bca-498d-bac1-af9bce802444",
              "title": "Dado o click no link Checkboxes",
              "fullFile": "",
              "file": "",
              "beforeHooks": [],
              "afterHooks": [],
              "tests": [
                {
                  "title": "Então o checkbox 2 deve estar checked",
                  "fullTitle": "Testar página Checkboxes na url http://the-internet.herokuapp.com/ Dado o click no link Checkboxes Então o checkbox 2 deve estar checked",
                  "timedOut": null,
                  "duration": 3099,
                  "state": "passed",
                  "speed": "fast",
                  "pass": true,
                  "fail": false,
                  "pending": false,
                  "context": null,
                  "code": "cy.get('@checkboxes').then(checkboxes => {\n  cy.contains('Checkboxes').should('be.visible').click();\n  cy.get(checkboxes.title.locator).then(el => {\n    expect(el[0].innerText).equal('Checkboxes');\n  });\n  cy.get(checkboxes.checkboxes.locator).then(el => {\n    expect(el[0].checked).equal(false);\n    expect(el[1].checked).equal(true);\n  });\n});",
                  "err": {},
                  "uuid": "86af0864-4bc6-436b-8d23-b373ab4611a3",
                  "parentUUID": "02ab5a51-5bca-498d-bac1-af9bce802444",
                  "isHook": false,
                  "skipped": false
                }
              ],
              "suites": [],
              "passes": [
                "86af0864-4bc6-436b-8d23-b373ab4611a3"
              ],
              "failures": [],
              "pending": [],
              "skipped": [],
              "duration": 3099,
              "root": false,
              "rootEmpty": false,
              "_timeout": 2000
            },
            {
              "uuid": "c894836e-cd71-4e3f-8879-ef47e8f60c27",
              "title": "Dado o click no link Checkboxes",
              "fullFile": "",
              "file": "",
              "beforeHooks": [],
              "afterHooks": [],
              "tests": [
                {
                  "title": "Então altero o atributo checked para false dos dois checkboxes",
                  "fullTitle": "Testar página Checkboxes na url http://the-internet.herokuapp.com/ Dado o click no link Checkboxes Então altero o atributo checked para false dos dois checkboxes",
                  "timedOut": null,
                  "duration": 702,
                  "state": "passed",
                  "speed": "fast",
                  "pass": true,
                  "fail": false,
                  "pending": false,
                  "context": null,
                  "code": "cy.get('@checkboxes').then(checkboxes => {\n  cy.contains('Checkboxes').click();\n  cy.get(checkboxes.title.locator).then(el => {\n    expect(el[0].innerText).equal('Checkboxes');\n  });\n  cy.get(checkboxes.checkboxes.locator).then(el => {\n    expect(el[0].checked).equal(false);\n    cy.wrap(el[1]).click().then(el => {\n      expect(el[0].checked).equal(false);\n    });\n  });\n});",
                  "err": {},
                  "uuid": "7ad58f67-1882-4085-9ba4-62e3afe770ba",
                  "parentUUID": "c894836e-cd71-4e3f-8879-ef47e8f60c27",
                  "isHook": false,
                  "skipped": false
                }
              ],
              "suites": [],
              "passes": [
                "7ad58f67-1882-4085-9ba4-62e3afe770ba"
              ],
              "failures": [],
              "pending": [],
              "skipped": [],
              "duration": 702,
              "root": false,
              "rootEmpty": false,
              "_timeout": 2000
            },
            {
              "uuid": "3a2c5a63-13bd-4529-b537-4da0bfd857aa",
              "title": "Dado o click no link Checkboxes",
              "fullFile": "",
              "file": "",
              "beforeHooks": [],
              "afterHooks": [],
              "tests": [
                {
                  "title": "Então altero o atributo checked para true do checkbox 1",
                  "fullTitle": "Testar página Checkboxes na url http://the-internet.herokuapp.com/ Dado o click no link Checkboxes Então altero o atributo checked para true do checkbox 1",
                  "timedOut": null,
                  "duration": 705,
                  "state": "passed",
                  "speed": "fast",
                  "pass": true,
                  "fail": false,
                  "pending": false,
                  "context": null,
                  "code": "cy.get('@checkboxes').then(checkboxes => {\n  cy.contains('Checkboxes').click();\n  cy.get(checkboxes.title.locator).then(el => {\n    expect(el[0].innerText).equal('Checkboxes');\n  });\n  cy.get(checkboxes.checkboxes.locator).then(el => {\n    expect(el[1].checked).equal(true);\n    cy.wrap(el[0]).click().then(el => {\n      expect(el[0].checked).equal(true);\n    });\n  });\n});",
                  "err": {},
                  "uuid": "8a87fc61-1da8-4034-b502-5d512d67ec08",
                  "parentUUID": "3a2c5a63-13bd-4529-b537-4da0bfd857aa",
                  "isHook": false,
                  "skipped": false
                }
              ],
              "suites": [],
              "passes": [
                "8a87fc61-1da8-4034-b502-5d512d67ec08"
              ],
              "failures": [],
              "pending": [],
              "skipped": [],
              "duration": 705,
              "root": false,
              "rootEmpty": false,
              "_timeout": 2000
            }
          ],
          "passes": [],
          "failures": [],
          "pending": [],
          "skipped": [],
          "duration": 0,
          "root": false,
          "rootEmpty": false,
          "_timeout": 2000
        }
      ],
      "passes": [],
      "failures": [],
      "pending": [],
      "skipped": [],
      "duration": 0,
      "root": true,
      "rootEmpty": true,
      "_timeout": 2000
    }
  ],
  "meta": {
    "mocha": {
      "version": "7.0.1"
    },
    "mochawesome": {
      "options": {
        "quiet": false,
        "reportFilename": "mochawesome",
        "saveHtml": false,
        "saveJson": true,
        "consoleReporter": "spec",
        "useInlineDiffs": false,
        "code": true
      },
      "version": "7.1.3"
    },
    "marge": {
      "options": {
        "charts": true,
        "reportPageTitle": "Api Automation",
        "embeddedScreenshots": true,
        "inlineAssets": true,
        "saveAllAttempts": false,
        "overwrite": false,
        "html": false,
        "json": true,
        "reportDir": "cypress\\reports\\html\\.jsons"
      },
      "version": "6.2.0"
    }
  }
}