{
  "stats": {
    "suites": 2,
    "tests": 1,
    "passes": 0,
    "pending": 0,
    "failures": 1,
    "start": "2023-09-25T17:47:05.490Z",
    "end": "2023-09-25T17:47:09.875Z",
    "duration": 4385,
    "testsRegistered": 11,
    "passPercent": 0,
    "pendingPercent": 0,
    "other": 0,
    "hasOther": false,
    "skipped": 10,
    "hasSkipped": true
  },
  "results": [
    {
      "uuid": "e5b79fba-1b3f-4861-b352-d83125cce711",
      "title": "",
      "fullFile": "cypress\\e2e\\dynamic_content_spec.cy.js",
      "file": "cypress\\e2e\\dynamic_content_spec.cy.js",
      "beforeHooks": [],
      "afterHooks": [],
      "tests": [],
      "suites": [
        {
          "uuid": "31ec2fc2-ba7e-4ce0-8088-86eb43f78a5d",
          "title": "Testar página Disappearing Elements na url http://the-internet.herokuapp.com/",
          "fullFile": "",
          "file": "",
          "beforeHooks": [],
          "afterHooks": [],
          "tests": [],
          "suites": [
            {
              "uuid": "4101ad02-92c6-448f-8906-dc38fe8ca7cb",
              "title": "Dado o click no link Dynamic Content",
              "fullFile": "",
              "file": "",
              "beforeHooks": [],
              "afterHooks": [],
              "tests": [
                {
                  "title": "Então clico no botão CLICK HERE e altero a ordem dos CONTENT",
                  "fullTitle": "Testar página Disappearing Elements na url http://the-internet.herokuapp.com/ Dado o click no link Dynamic Content Então clico no botão CLICK HERE e altero a ordem dos CONTENT",
                  "timedOut": null,
                  "duration": 4297,
                  "state": "failed",
                  "speed": null,
                  "pass": false,
                  "fail": true,
                  "pending": false,
                  "context": null,
                  "code": "cy.get('@dynamic_content').then(dynamic_content => {\n  cy.contains('Dynamic Content').should('be.visible').click();\n  cy.get(dynamic_content.title.locator).should('be.visible').then(el => {\n    expect(el[0].innerText, 'Assert Title').equal('Dynamic Content');\n  });\n  cy.get(dynamic_content.content.locator).then(el => {\n    const list_image = [el[0].currentSrc, el[1].currentSrc, el[2].currentSrc];\n    cy.wrap(list_image).as('list_image');\n    cy.contains(\"click here\").click({\n      force: true\n    });\n  });\n  cy.get(dynamic_content.content.locator).then(el => {\n    const new_list_image = [el[0].currentSrc, el[1].currentSrc, el[2].currentSrc];\n    cy.get('@list_image').then(list_image => {\n      expect(list_image, 'Assert comparation list content').not.to.include(new_list_image);\n    });\n  });\n});",
                  "err": {
                    "message": "CypressError: Timed out after waiting `4000ms` for your remote page to load.\n\nYour page did not fire its `load` event within `4000ms`.\n\nYou can try increasing the `pageLoadTimeout` value in `hml_cypress.config.js` to wait longer.\n\nBrowsers will not fire the `load` event until all stylesheets and scripts are done downloading.\n\nWhen this `load` event occurs, Cypress will continue running commands.\n\nBecause this error occurred during a `before each` hook we are skipping the remaining tests in the current suite: `Testar página Disappearing ...`",
                    "estack": "CypressError: Timed out after waiting `4000ms` for your remote page to load.\n\nYour page did not fire its `load` event within `4000ms`.\n\nYou can try increasing the `pageLoadTimeout` value in `hml_cypress.config.js` to wait longer.\n\nBrowsers will not fire the `load` event until all stylesheets and scripts are done downloading.\n\nWhen this `load` event occurs, Cypress will continue running commands.\n\nBecause this error occurred during a `before each` hook we are skipping the remaining tests in the current suite: `Testar página Disappearing ...`\n    at timedOutWaitingForPageLoad (http://the-internet.herokuapp.com/__cypress/runner/cypress_runner.js:130009:64)\n    at <unknown> (http://the-internet.herokuapp.com/__cypress/runner/cypress_runner.js:130983:16)\n    at tryCatcher (http://the-internet.herokuapp.com/__cypress/runner/cypress_runner.js:1807:23)\n    at <unknown> (http://the-internet.herokuapp.com/__cypress/runner/cypress_runner.js:4186:41)\n    at tryCatcher (http://the-internet.herokuapp.com/__cypress/runner/cypress_runner.js:1807:23)\n    at Promise._settlePromiseFromHandler (http://the-internet.herokuapp.com/__cypress/runner/cypress_runner.js:1519:31)\n    at Promise._settlePromise (http://the-internet.herokuapp.com/__cypress/runner/cypress_runner.js:1576:18)\n    at Promise._settlePromise0 (http://the-internet.herokuapp.com/__cypress/runner/cypress_runner.js:1621:10)\n    at Promise._settlePromises (http://the-internet.herokuapp.com/__cypress/runner/cypress_runner.js:1697:18)\n    at _drainQueueStep (http://the-internet.herokuapp.com/__cypress/runner/cypress_runner.js:2407:12)\n    at _drainQueue (http://the-internet.herokuapp.com/__cypress/runner/cypress_runner.js:2400:9)\n    at Async._drainQueues (http://the-internet.herokuapp.com/__cypress/runner/cypress_runner.js:2416:5)\n    at Async.drainQueues (http://the-internet.herokuapp.com/__cypress/runner/cypress_runner.js:2286:14)\nFrom Your Spec Code:\n    at Context.eval (webpack:///../cypress/support/commands.js:6:7)",
                    "diff": null
                  },
                  "uuid": "4801b9a6-f533-48c2-b0bb-c3c7f48740c2",
                  "parentUUID": "4101ad02-92c6-448f-8906-dc38fe8ca7cb",
                  "isHook": false,
                  "skipped": false
                },
                {
                  "title": "Então clico no botão CLICK HERE e altero a ordem dos CONTENT",
                  "fullTitle": "Testar página Disappearing Elements na url http://the-internet.herokuapp.com/ Dado o click no link Dynamic Content Então clico no botão CLICK HERE e altero a ordem dos CONTENT",
                  "timedOut": null,
                  "duration": 0,
                  "state": "skipped",
                  "speed": null,
                  "pass": false,
                  "fail": false,
                  "pending": false,
                  "context": null,
                  "code": "cy.get('@dynamic_content').then(dynamic_content => {\n  cy.contains('Dynamic Content').should('be.visible').click();\n  cy.get(dynamic_content.title.locator).should('be.visible').then(el => {\n    expect(el[0].innerText, 'Assert Title').equal('Dynamic Content');\n  });\n  cy.get(dynamic_content.content.locator).then(el => {\n    const list_image = [el[0].currentSrc, el[1].currentSrc, el[2].currentSrc];\n    cy.wrap(list_image).as('list_image');\n    cy.contains(\"click here\").click({\n      force: true\n    });\n  });\n  cy.get(dynamic_content.content.locator).then(el => {\n    const new_list_image = [el[0].currentSrc, el[1].currentSrc, el[2].currentSrc];\n    cy.get('@list_image').then(list_image => {\n      expect(list_image, 'Assert comparation list content').not.to.include(new_list_image);\n    });\n  });\n});",
                  "err": {},
                  "uuid": "c77da531-8b56-4722-b6a7-f1fb6da5dc55",
                  "parentUUID": "4101ad02-92c6-448f-8906-dc38fe8ca7cb",
                  "isHook": false,
                  "skipped": true
                },
                {
                  "title": "Então clico no botão CLICK HERE e altero a ordem dos CONTENT",
                  "fullTitle": "Testar página Disappearing Elements na url http://the-internet.herokuapp.com/ Dado o click no link Dynamic Content Então clico no botão CLICK HERE e altero a ordem dos CONTENT",
                  "timedOut": null,
                  "duration": 0,
                  "state": "skipped",
                  "speed": null,
                  "pass": false,
                  "fail": false,
                  "pending": false,
                  "context": null,
                  "code": "cy.get('@dynamic_content').then(dynamic_content => {\n  cy.contains('Dynamic Content').should('be.visible').click();\n  cy.get(dynamic_content.title.locator).should('be.visible').then(el => {\n    expect(el[0].innerText, 'Assert Title').equal('Dynamic Content');\n  });\n  cy.get(dynamic_content.content.locator).then(el => {\n    const list_image = [el[0].currentSrc, el[1].currentSrc, el[2].currentSrc];\n    cy.wrap(list_image).as('list_image');\n    cy.contains(\"click here\").click({\n      force: true\n    });\n  });\n  cy.get(dynamic_content.content.locator).then(el => {\n    const new_list_image = [el[0].currentSrc, el[1].currentSrc, el[2].currentSrc];\n    cy.get('@list_image').then(list_image => {\n      expect(list_image, 'Assert comparation list content').not.to.include(new_list_image);\n    });\n  });\n});",
                  "err": {},
                  "uuid": "2fd9c181-31f6-4c15-9db5-2539a6bc9c2e",
                  "parentUUID": "4101ad02-92c6-448f-8906-dc38fe8ca7cb",
                  "isHook": false,
                  "skipped": true
                },
                {
                  "title": "Então clico no botão CLICK HERE e altero a ordem dos CONTENT",
                  "fullTitle": "Testar página Disappearing Elements na url http://the-internet.herokuapp.com/ Dado o click no link Dynamic Content Então clico no botão CLICK HERE e altero a ordem dos CONTENT",
                  "timedOut": null,
                  "duration": 0,
                  "state": "skipped",
                  "speed": null,
                  "pass": false,
                  "fail": false,
                  "pending": false,
                  "context": null,
                  "code": "cy.get('@dynamic_content').then(dynamic_content => {\n  cy.contains('Dynamic Content').should('be.visible').click();\n  cy.get(dynamic_content.title.locator).should('be.visible').then(el => {\n    expect(el[0].innerText, 'Assert Title').equal('Dynamic Content');\n  });\n  cy.get(dynamic_content.content.locator).then(el => {\n    const list_image = [el[0].currentSrc, el[1].currentSrc, el[2].currentSrc];\n    cy.wrap(list_image).as('list_image');\n    cy.contains(\"click here\").click({\n      force: true\n    });\n  });\n  cy.get(dynamic_content.content.locator).then(el => {\n    const new_list_image = [el[0].currentSrc, el[1].currentSrc, el[2].currentSrc];\n    cy.get('@list_image').then(list_image => {\n      expect(list_image, 'Assert comparation list content').not.to.include(new_list_image);\n    });\n  });\n});",
                  "err": {},
                  "uuid": "228b056a-83d8-484b-83ed-46e0955b150d",
                  "parentUUID": "4101ad02-92c6-448f-8906-dc38fe8ca7cb",
                  "isHook": false,
                  "skipped": true
                },
                {
                  "title": "Então clico no botão CLICK HERE e altero a ordem dos CONTENT",
                  "fullTitle": "Testar página Disappearing Elements na url http://the-internet.herokuapp.com/ Dado o click no link Dynamic Content Então clico no botão CLICK HERE e altero a ordem dos CONTENT",
                  "timedOut": null,
                  "duration": 0,
                  "state": "skipped",
                  "speed": null,
                  "pass": false,
                  "fail": false,
                  "pending": false,
                  "context": null,
                  "code": "cy.get('@dynamic_content').then(dynamic_content => {\n  cy.contains('Dynamic Content').should('be.visible').click();\n  cy.get(dynamic_content.title.locator).should('be.visible').then(el => {\n    expect(el[0].innerText, 'Assert Title').equal('Dynamic Content');\n  });\n  cy.get(dynamic_content.content.locator).then(el => {\n    const list_image = [el[0].currentSrc, el[1].currentSrc, el[2].currentSrc];\n    cy.wrap(list_image).as('list_image');\n    cy.contains(\"click here\").click({\n      force: true\n    });\n  });\n  cy.get(dynamic_content.content.locator).then(el => {\n    const new_list_image = [el[0].currentSrc, el[1].currentSrc, el[2].currentSrc];\n    cy.get('@list_image').then(list_image => {\n      expect(list_image, 'Assert comparation list content').not.to.include(new_list_image);\n    });\n  });\n});",
                  "err": {},
                  "uuid": "9defefbe-355e-453f-8af3-2ee3ed8ed4c9",
                  "parentUUID": "4101ad02-92c6-448f-8906-dc38fe8ca7cb",
                  "isHook": false,
                  "skipped": true
                },
                {
                  "title": "Então clico no botão CLICK HERE e altero a ordem dos CONTENT",
                  "fullTitle": "Testar página Disappearing Elements na url http://the-internet.herokuapp.com/ Dado o click no link Dynamic Content Então clico no botão CLICK HERE e altero a ordem dos CONTENT",
                  "timedOut": null,
                  "duration": 0,
                  "state": "skipped",
                  "speed": null,
                  "pass": false,
                  "fail": false,
                  "pending": false,
                  "context": null,
                  "code": "cy.get('@dynamic_content').then(dynamic_content => {\n  cy.contains('Dynamic Content').should('be.visible').click();\n  cy.get(dynamic_content.title.locator).should('be.visible').then(el => {\n    expect(el[0].innerText, 'Assert Title').equal('Dynamic Content');\n  });\n  cy.get(dynamic_content.content.locator).then(el => {\n    const list_image = [el[0].currentSrc, el[1].currentSrc, el[2].currentSrc];\n    cy.wrap(list_image).as('list_image');\n    cy.contains(\"click here\").click({\n      force: true\n    });\n  });\n  cy.get(dynamic_content.content.locator).then(el => {\n    const new_list_image = [el[0].currentSrc, el[1].currentSrc, el[2].currentSrc];\n    cy.get('@list_image').then(list_image => {\n      expect(list_image, 'Assert comparation list content').not.to.include(new_list_image);\n    });\n  });\n});",
                  "err": {},
                  "uuid": "7fd7657b-65b7-49ca-8657-7eea007550cf",
                  "parentUUID": "4101ad02-92c6-448f-8906-dc38fe8ca7cb",
                  "isHook": false,
                  "skipped": true
                },
                {
                  "title": "Então clico no botão CLICK HERE e altero a ordem dos CONTENT",
                  "fullTitle": "Testar página Disappearing Elements na url http://the-internet.herokuapp.com/ Dado o click no link Dynamic Content Então clico no botão CLICK HERE e altero a ordem dos CONTENT",
                  "timedOut": null,
                  "duration": 0,
                  "state": "skipped",
                  "speed": null,
                  "pass": false,
                  "fail": false,
                  "pending": false,
                  "context": null,
                  "code": "cy.get('@dynamic_content').then(dynamic_content => {\n  cy.contains('Dynamic Content').should('be.visible').click();\n  cy.get(dynamic_content.title.locator).should('be.visible').then(el => {\n    expect(el[0].innerText, 'Assert Title').equal('Dynamic Content');\n  });\n  cy.get(dynamic_content.content.locator).then(el => {\n    const list_image = [el[0].currentSrc, el[1].currentSrc, el[2].currentSrc];\n    cy.wrap(list_image).as('list_image');\n    cy.contains(\"click here\").click({\n      force: true\n    });\n  });\n  cy.get(dynamic_content.content.locator).then(el => {\n    const new_list_image = [el[0].currentSrc, el[1].currentSrc, el[2].currentSrc];\n    cy.get('@list_image').then(list_image => {\n      expect(list_image, 'Assert comparation list content').not.to.include(new_list_image);\n    });\n  });\n});",
                  "err": {},
                  "uuid": "72ed97b1-7e71-4769-a538-39c29be2023d",
                  "parentUUID": "4101ad02-92c6-448f-8906-dc38fe8ca7cb",
                  "isHook": false,
                  "skipped": true
                },
                {
                  "title": "Então clico no botão CLICK HERE e altero a ordem dos CONTENT",
                  "fullTitle": "Testar página Disappearing Elements na url http://the-internet.herokuapp.com/ Dado o click no link Dynamic Content Então clico no botão CLICK HERE e altero a ordem dos CONTENT",
                  "timedOut": null,
                  "duration": 0,
                  "state": "skipped",
                  "speed": null,
                  "pass": false,
                  "fail": false,
                  "pending": false,
                  "context": null,
                  "code": "cy.get('@dynamic_content').then(dynamic_content => {\n  cy.contains('Dynamic Content').should('be.visible').click();\n  cy.get(dynamic_content.title.locator).should('be.visible').then(el => {\n    expect(el[0].innerText, 'Assert Title').equal('Dynamic Content');\n  });\n  cy.get(dynamic_content.content.locator).then(el => {\n    const list_image = [el[0].currentSrc, el[1].currentSrc, el[2].currentSrc];\n    cy.wrap(list_image).as('list_image');\n    cy.contains(\"click here\").click({\n      force: true\n    });\n  });\n  cy.get(dynamic_content.content.locator).then(el => {\n    const new_list_image = [el[0].currentSrc, el[1].currentSrc, el[2].currentSrc];\n    cy.get('@list_image').then(list_image => {\n      expect(list_image, 'Assert comparation list content').not.to.include(new_list_image);\n    });\n  });\n});",
                  "err": {},
                  "uuid": "df81a642-d2b9-4c7a-95d9-04257a96ce65",
                  "parentUUID": "4101ad02-92c6-448f-8906-dc38fe8ca7cb",
                  "isHook": false,
                  "skipped": true
                },
                {
                  "title": "Então clico no botão CLICK HERE e altero a ordem dos CONTENT",
                  "fullTitle": "Testar página Disappearing Elements na url http://the-internet.herokuapp.com/ Dado o click no link Dynamic Content Então clico no botão CLICK HERE e altero a ordem dos CONTENT",
                  "timedOut": null,
                  "duration": 0,
                  "state": "skipped",
                  "speed": null,
                  "pass": false,
                  "fail": false,
                  "pending": false,
                  "context": null,
                  "code": "cy.get('@dynamic_content').then(dynamic_content => {\n  cy.contains('Dynamic Content').should('be.visible').click();\n  cy.get(dynamic_content.title.locator).should('be.visible').then(el => {\n    expect(el[0].innerText, 'Assert Title').equal('Dynamic Content');\n  });\n  cy.get(dynamic_content.content.locator).then(el => {\n    const list_image = [el[0].currentSrc, el[1].currentSrc, el[2].currentSrc];\n    cy.wrap(list_image).as('list_image');\n    cy.contains(\"click here\").click({\n      force: true\n    });\n  });\n  cy.get(dynamic_content.content.locator).then(el => {\n    const new_list_image = [el[0].currentSrc, el[1].currentSrc, el[2].currentSrc];\n    cy.get('@list_image').then(list_image => {\n      expect(list_image, 'Assert comparation list content').not.to.include(new_list_image);\n    });\n  });\n});",
                  "err": {},
                  "uuid": "23ed6c7e-a6b2-4e3a-b4ff-eb300b9a8519",
                  "parentUUID": "4101ad02-92c6-448f-8906-dc38fe8ca7cb",
                  "isHook": false,
                  "skipped": true
                },
                {
                  "title": "Então clico no botão CLICK HERE e altero a ordem dos CONTENT",
                  "fullTitle": "Testar página Disappearing Elements na url http://the-internet.herokuapp.com/ Dado o click no link Dynamic Content Então clico no botão CLICK HERE e altero a ordem dos CONTENT",
                  "timedOut": null,
                  "duration": 0,
                  "state": "skipped",
                  "speed": null,
                  "pass": false,
                  "fail": false,
                  "pending": false,
                  "context": null,
                  "code": "cy.get('@dynamic_content').then(dynamic_content => {\n  cy.contains('Dynamic Content').should('be.visible').click();\n  cy.get(dynamic_content.title.locator).should('be.visible').then(el => {\n    expect(el[0].innerText, 'Assert Title').equal('Dynamic Content');\n  });\n  cy.get(dynamic_content.content.locator).then(el => {\n    const list_image = [el[0].currentSrc, el[1].currentSrc, el[2].currentSrc];\n    cy.wrap(list_image).as('list_image');\n    cy.contains(\"click here\").click({\n      force: true\n    });\n  });\n  cy.get(dynamic_content.content.locator).then(el => {\n    const new_list_image = [el[0].currentSrc, el[1].currentSrc, el[2].currentSrc];\n    cy.get('@list_image').then(list_image => {\n      expect(list_image, 'Assert comparation list content').not.to.include(new_list_image);\n    });\n  });\n});",
                  "err": {},
                  "uuid": "998dfe56-703e-4f81-aacf-cbb9a507de2d",
                  "parentUUID": "4101ad02-92c6-448f-8906-dc38fe8ca7cb",
                  "isHook": false,
                  "skipped": true
                },
                {
                  "title": "Então clico no botão CLICK HERE e altero a ordem dos CONTENT",
                  "fullTitle": "Testar página Disappearing Elements na url http://the-internet.herokuapp.com/ Dado o click no link Dynamic Content Então clico no botão CLICK HERE e altero a ordem dos CONTENT",
                  "timedOut": null,
                  "duration": 0,
                  "state": "skipped",
                  "speed": null,
                  "pass": false,
                  "fail": false,
                  "pending": false,
                  "context": null,
                  "code": "cy.get('@dynamic_content').then(dynamic_content => {\n  cy.contains('Dynamic Content').should('be.visible').click();\n  cy.get(dynamic_content.title.locator).should('be.visible').then(el => {\n    expect(el[0].innerText, 'Assert Title').equal('Dynamic Content');\n  });\n  cy.get(dynamic_content.content.locator).then(el => {\n    const list_image = [el[0].currentSrc, el[1].currentSrc, el[2].currentSrc];\n    cy.wrap(list_image).as('list_image');\n    cy.contains(\"click here\").click({\n      force: true\n    });\n  });\n  cy.get(dynamic_content.content.locator).then(el => {\n    const new_list_image = [el[0].currentSrc, el[1].currentSrc, el[2].currentSrc];\n    cy.get('@list_image').then(list_image => {\n      expect(list_image, 'Assert comparation list content').not.to.include(new_list_image);\n    });\n  });\n});",
                  "err": {},
                  "uuid": "8794d169-ec77-4373-89dd-c386422ec2d6",
                  "parentUUID": "4101ad02-92c6-448f-8906-dc38fe8ca7cb",
                  "isHook": false,
                  "skipped": true
                }
              ],
              "suites": [],
              "passes": [],
              "failures": [
                "4801b9a6-f533-48c2-b0bb-c3c7f48740c2"
              ],
              "pending": [],
              "skipped": [
                "c77da531-8b56-4722-b6a7-f1fb6da5dc55",
                "2fd9c181-31f6-4c15-9db5-2539a6bc9c2e",
                "228b056a-83d8-484b-83ed-46e0955b150d",
                "9defefbe-355e-453f-8af3-2ee3ed8ed4c9",
                "7fd7657b-65b7-49ca-8657-7eea007550cf",
                "72ed97b1-7e71-4769-a538-39c29be2023d",
                "df81a642-d2b9-4c7a-95d9-04257a96ce65",
                "23ed6c7e-a6b2-4e3a-b4ff-eb300b9a8519",
                "998dfe56-703e-4f81-aacf-cbb9a507de2d",
                "8794d169-ec77-4373-89dd-c386422ec2d6"
              ],
              "duration": 4297,
              "root": false,
              "rootEmpty": false,
              "_timeout": 2000
            }
          ],
          "passes": [],
          "failures": [],
          "pending": [],
          "skipped": [],
          "duration": 0,
          "root": false,
          "rootEmpty": false,
          "_timeout": 2000
        }
      ],
      "passes": [],
      "failures": [],
      "pending": [],
      "skipped": [],
      "duration": 0,
      "root": true,
      "rootEmpty": true,
      "_timeout": 2000
    }
  ],
  "meta": {
    "mocha": {
      "version": "7.0.1"
    },
    "mochawesome": {
      "options": {
        "quiet": false,
        "reportFilename": "mochawesome",
        "saveHtml": false,
        "saveJson": true,
        "consoleReporter": "spec",
        "useInlineDiffs": false,
        "code": true
      },
      "version": "7.1.3"
    },
    "marge": {
      "options": {
        "charts": true,
        "reportPageTitle": "Api Automation",
        "embeddedScreenshots": true,
        "inlineAssets": true,
        "saveAllAttempts": false,
        "overwrite": false,
        "html": false,
        "json": true,
        "reportDir": "cypress\\reports\\html\\.jsons"
      },
      "version": "6.2.0"
    }
  }
}