{
  "stats": {
    "suites": 2,
    "tests": 1,
    "passes": 0,
    "pending": 0,
    "failures": 1,
    "start": "2023-09-25T17:46:45.822Z",
    "end": "2023-09-25T17:46:50.180Z",
    "duration": 4358,
    "testsRegistered": 6,
    "passPercent": 0,
    "pendingPercent": 0,
    "other": 0,
    "hasOther": false,
    "skipped": 5,
    "hasSkipped": true
  },
  "results": [
    {
      "uuid": "25f2c9a2-3bbc-4f30-b3db-2cafeadd5c64",
      "title": "",
      "fullFile": "cypress\\e2e\\disappearing_elements_spec.cy.js",
      "file": "cypress\\e2e\\disappearing_elements_spec.cy.js",
      "beforeHooks": [],
      "afterHooks": [],
      "tests": [],
      "suites": [
        {
          "uuid": "4cc35756-d42e-4dde-aed7-a9f44ad3daf4",
          "title": "Testar página Disappearing Elements na url http://the-internet.herokuapp.com/",
          "fullFile": "",
          "file": "",
          "beforeHooks": [],
          "afterHooks": [],
          "tests": [],
          "suites": [
            {
              "uuid": "f5537ddd-4329-4f83-92a1-2e729ed3615c",
              "title": "Dado o click no link Disappearing Elements",
              "fullFile": "",
              "file": "",
              "beforeHooks": [],
              "afterHooks": [],
              "tests": [
                {
                  "title": "Então clico no link HOME devo ser redirecionado para tela HOME",
                  "fullTitle": "Testar página Disappearing Elements na url http://the-internet.herokuapp.com/ Dado o click no link Disappearing Elements Então clico no link HOME devo ser redirecionado para tela HOME",
                  "timedOut": null,
                  "duration": 4285,
                  "state": "failed",
                  "speed": null,
                  "pass": false,
                  "fail": true,
                  "pending": false,
                  "context": null,
                  "code": "cy.get('@disappearing_elements').then(disappearing_elements => {\n  cy.contains('Disappearing Elements').click();\n  cy.contains(disappearing_elements.links[0].locator_home).click();\n  cy.get(_home.default.title.locator).then(el => {\n    expect(el[0].innerText, \"Assert Title Home\").equal(_home.default.title.text);\n    cy.url().should('contain', Cypress.config().baseUrl);\n  });\n});",
                  "err": {
                    "message": "CypressError: Timed out after waiting `4000ms` for your remote page to load.\n\nYour page did not fire its `load` event within `4000ms`.\n\nYou can try increasing the `pageLoadTimeout` value in `hml_cypress.config.js` to wait longer.\n\nBrowsers will not fire the `load` event until all stylesheets and scripts are done downloading.\n\nWhen this `load` event occurs, Cypress will continue running commands.\n\nBecause this error occurred during a `before each` hook we are skipping the remaining tests in the current suite: `Testar página Disappearing ...`",
                    "estack": "CypressError: Timed out after waiting `4000ms` for your remote page to load.\n\nYour page did not fire its `load` event within `4000ms`.\n\nYou can try increasing the `pageLoadTimeout` value in `hml_cypress.config.js` to wait longer.\n\nBrowsers will not fire the `load` event until all stylesheets and scripts are done downloading.\n\nWhen this `load` event occurs, Cypress will continue running commands.\n\nBecause this error occurred during a `before each` hook we are skipping the remaining tests in the current suite: `Testar página Disappearing ...`\n    at timedOutWaitingForPageLoad (http://the-internet.herokuapp.com/__cypress/runner/cypress_runner.js:130009:64)\n    at <unknown> (http://the-internet.herokuapp.com/__cypress/runner/cypress_runner.js:130983:16)\n    at tryCatcher (http://the-internet.herokuapp.com/__cypress/runner/cypress_runner.js:1807:23)\n    at <unknown> (http://the-internet.herokuapp.com/__cypress/runner/cypress_runner.js:4186:41)\n    at tryCatcher (http://the-internet.herokuapp.com/__cypress/runner/cypress_runner.js:1807:23)\n    at Promise._settlePromiseFromHandler (http://the-internet.herokuapp.com/__cypress/runner/cypress_runner.js:1519:31)\n    at Promise._settlePromise (http://the-internet.herokuapp.com/__cypress/runner/cypress_runner.js:1576:18)\n    at Promise._settlePromise0 (http://the-internet.herokuapp.com/__cypress/runner/cypress_runner.js:1621:10)\n    at Promise._settlePromises (http://the-internet.herokuapp.com/__cypress/runner/cypress_runner.js:1697:18)\n    at _drainQueueStep (http://the-internet.herokuapp.com/__cypress/runner/cypress_runner.js:2407:12)\n    at _drainQueue (http://the-internet.herokuapp.com/__cypress/runner/cypress_runner.js:2400:9)\n    at Async._drainQueues (http://the-internet.herokuapp.com/__cypress/runner/cypress_runner.js:2416:5)\n    at Async.drainQueues (http://the-internet.herokuapp.com/__cypress/runner/cypress_runner.js:2286:14)\nFrom Your Spec Code:\n    at Context.eval (webpack:///../cypress/support/commands.js:6:7)",
                    "diff": null
                  },
                  "uuid": "a8ea0aab-9bf3-4e6f-8ad6-3faa1ef4905f",
                  "parentUUID": "f5537ddd-4329-4f83-92a1-2e729ed3615c",
                  "isHook": false,
                  "skipped": false
                }
              ],
              "suites": [],
              "passes": [],
              "failures": [
                "a8ea0aab-9bf3-4e6f-8ad6-3faa1ef4905f"
              ],
              "pending": [],
              "skipped": [],
              "duration": 4285,
              "root": false,
              "rootEmpty": false,
              "_timeout": 2000
            },
            {
              "uuid": "edaa0aaa-323d-4185-a03c-0416f88dcc41",
              "title": "Dado o click no link Disappearing Elements",
              "fullFile": "",
              "file": "",
              "beforeHooks": [],
              "afterHooks": [],
              "tests": [
                {
                  "title": "Então clico no link ABOUT devo ser redirecionado para tela ABOUT",
                  "fullTitle": "Testar página Disappearing Elements na url http://the-internet.herokuapp.com/ Dado o click no link Disappearing Elements Então clico no link ABOUT devo ser redirecionado para tela ABOUT",
                  "timedOut": null,
                  "duration": 0,
                  "state": "skipped",
                  "speed": null,
                  "pass": false,
                  "fail": false,
                  "pending": false,
                  "context": null,
                  "code": "cy.get('@disappearing_elements').then(disappearing_elements => {\n  cy.contains('Disappearing Elements').click();\n  cy.contains(disappearing_elements.links[1].locator_about).click();\n  cy.get(disappearing_elements.links[1].text).then(el => {\n    expect(el[0].outerText, 'Assert Message').equal('Not Found');\n    cy.url().should('contain', Cypress.config().baseUrl + 'about/');\n  });\n});",
                  "err": {},
                  "uuid": "aeff29f7-aaaf-4803-8df2-2baffae13aac",
                  "parentUUID": null,
                  "isHook": false,
                  "skipped": true
                }
              ],
              "suites": [],
              "passes": [],
              "failures": [],
              "pending": [],
              "skipped": [
                "aeff29f7-aaaf-4803-8df2-2baffae13aac"
              ],
              "duration": 0,
              "root": false,
              "rootEmpty": false,
              "_timeout": 2000
            },
            {
              "uuid": "58436d5a-ef74-4242-848b-e341db3885f4",
              "title": "Dado o click no link Disappearing Elements",
              "fullFile": "",
              "file": "",
              "beforeHooks": [],
              "afterHooks": [],
              "tests": [
                {
                  "title": "Então clico no link CONTACT US devo ser redirecionado para tela CONTACT US",
                  "fullTitle": "Testar página Disappearing Elements na url http://the-internet.herokuapp.com/ Dado o click no link Disappearing Elements Então clico no link CONTACT US devo ser redirecionado para tela CONTACT US",
                  "timedOut": null,
                  "duration": 0,
                  "state": "skipped",
                  "speed": null,
                  "pass": false,
                  "fail": false,
                  "pending": false,
                  "context": null,
                  "code": "cy.get('@disappearing_elements').then(disappearing_elements => {\n  cy.contains('Disappearing Elements').click();\n  cy.contains(disappearing_elements.links[2].locator_contact_us).click();\n  cy.get(disappearing_elements.links[2].text).then(el => {\n    expect(el[0].outerText, 'Assert Message').equal('Not Found');\n    cy.url().should('contain', Cypress.config().baseUrl + 'contact-us/');\n  });\n});",
                  "err": {},
                  "uuid": "3f37bdfb-de69-4576-9afd-8e46d64bdbe9",
                  "parentUUID": null,
                  "isHook": false,
                  "skipped": true
                }
              ],
              "suites": [],
              "passes": [],
              "failures": [],
              "pending": [],
              "skipped": [
                "3f37bdfb-de69-4576-9afd-8e46d64bdbe9"
              ],
              "duration": 0,
              "root": false,
              "rootEmpty": false,
              "_timeout": 2000
            },
            {
              "uuid": "abcd2ee4-10e0-4723-9b80-4fc4a9bd80d7",
              "title": "Dado o click no link Disappearing Elements",
              "fullFile": "",
              "file": "",
              "beforeHooks": [],
              "afterHooks": [],
              "tests": [
                {
                  "title": "Então clico no link PORTFOLIO devo ser redirecionado para tela PORTFOLIO",
                  "fullTitle": "Testar página Disappearing Elements na url http://the-internet.herokuapp.com/ Dado o click no link Disappearing Elements Então clico no link PORTFOLIO devo ser redirecionado para tela PORTFOLIO",
                  "timedOut": null,
                  "duration": 0,
                  "state": "skipped",
                  "speed": null,
                  "pass": false,
                  "fail": false,
                  "pending": false,
                  "context": null,
                  "code": "cy.get('@disappearing_elements').then(disappearing_elements => {\n  cy.contains('Disappearing Elements').click();\n  cy.contains(disappearing_elements.links[3].locator_portfolio).click();\n  cy.get(disappearing_elements.links[3].text).then(el => {\n    expect(el[0].outerText, 'Assert Message').equal('Not Found');\n    cy.url().should('contain', Cypress.config().baseUrl + 'portfolio/');\n  });\n});",
                  "err": {},
                  "uuid": "5c316342-492f-43e1-b054-5845ee2bd0d9",
                  "parentUUID": null,
                  "isHook": false,
                  "skipped": true
                }
              ],
              "suites": [],
              "passes": [],
              "failures": [],
              "pending": [],
              "skipped": [
                "5c316342-492f-43e1-b054-5845ee2bd0d9"
              ],
              "duration": 0,
              "root": false,
              "rootEmpty": false,
              "_timeout": 2000
            },
            {
              "uuid": "e2dfb61b-7454-43fa-ace3-e1a728c2c1f3",
              "title": "Dado o click no link Disappearing Elements",
              "fullFile": "",
              "file": "",
              "beforeHooks": [],
              "afterHooks": [],
              "tests": [
                {
                  "title": "Então clico no link GALLERY devo ser redirecionado para tela GALLERY",
                  "fullTitle": "Testar página Disappearing Elements na url http://the-internet.herokuapp.com/ Dado o click no link Disappearing Elements Então clico no link GALLERY devo ser redirecionado para tela GALLERY",
                  "timedOut": null,
                  "duration": 0,
                  "state": "skipped",
                  "speed": null,
                  "pass": false,
                  "fail": false,
                  "pending": false,
                  "context": null,
                  "code": "cy.get('@disappearing_elements').then(disappearing_elements => {\n  cy.contains('Disappearing Elements').should('be.visible').click();\n  cy.contains(disappearing_elements.links[4].locator_gallery).click();\n  cy.get(disappearing_elements.links[4].text).then(el => {\n    expect(el[0].outerText, 'Assert Message').equal('Not Found');\n    cy.url().should('contain', Cypress.config().baseUrl + 'gallery/');\n  });\n});",
                  "err": {},
                  "uuid": "5a0938fc-fbfb-424e-b6f2-30fa25d79969",
                  "parentUUID": null,
                  "isHook": false,
                  "skipped": true
                }
              ],
              "suites": [],
              "passes": [],
              "failures": [],
              "pending": [],
              "skipped": [
                "5a0938fc-fbfb-424e-b6f2-30fa25d79969"
              ],
              "duration": 0,
              "root": false,
              "rootEmpty": false,
              "_timeout": 2000
            },
            {
              "uuid": "ab0a64ec-8e45-46a5-bbce-4f3e557d9958",
              "title": "Dado o click no link Disappearing Elements",
              "fullFile": "",
              "file": "",
              "beforeHooks": [],
              "afterHooks": [],
              "tests": [
                {
                  "title": "Então atualizo a página até o componente Gallery ser removido",
                  "fullTitle": "Testar página Disappearing Elements na url http://the-internet.herokuapp.com/ Dado o click no link Disappearing Elements Então atualizo a página até o componente Gallery ser removido",
                  "timedOut": null,
                  "duration": 0,
                  "state": "skipped",
                  "speed": null,
                  "pass": false,
                  "fail": false,
                  "pending": false,
                  "context": null,
                  "code": "cy.get('@disappearing_elements').then(disappearing_elements => {\n  cy.contains('Disappearing Elements').click();\n  cy.get('ul>li').then(el => {\n    if (el.length == 5 || el.length == 4) if (el.length == 5) {\n      expect(el.length).equal(5);\n    } else {\n      expect(el.length).equal(4);\n    }\n  });\n  for (let x = 0; x < 5; x++) {\n    cy.get('ul>li').then(el => {\n      cy.reload();\n      if (el.length == 4) {\n        expect(el.length).equal(4);\n        x = 5;\n      }\n    });\n    x++;\n  }\n});",
                  "err": {},
                  "uuid": "5521fdbb-082a-44b6-aa1b-f9175cb53558",
                  "parentUUID": null,
                  "isHook": false,
                  "skipped": true
                }
              ],
              "suites": [],
              "passes": [],
              "failures": [],
              "pending": [],
              "skipped": [
                "5521fdbb-082a-44b6-aa1b-f9175cb53558"
              ],
              "duration": 0,
              "root": false,
              "rootEmpty": false,
              "_timeout": 2000
            }
          ],
          "passes": [],
          "failures": [],
          "pending": [],
          "skipped": [],
          "duration": 0,
          "root": false,
          "rootEmpty": false,
          "_timeout": 2000
        }
      ],
      "passes": [],
      "failures": [],
      "pending": [],
      "skipped": [],
      "duration": 0,
      "root": true,
      "rootEmpty": true,
      "_timeout": 2000
    }
  ],
  "meta": {
    "mocha": {
      "version": "7.0.1"
    },
    "mochawesome": {
      "options": {
        "quiet": false,
        "reportFilename": "mochawesome",
        "saveHtml": false,
        "saveJson": true,
        "consoleReporter": "spec",
        "useInlineDiffs": false,
        "code": true
      },
      "version": "7.1.3"
    },
    "marge": {
      "options": {
        "charts": true,
        "reportPageTitle": "Api Automation",
        "embeddedScreenshots": true,
        "inlineAssets": true,
        "saveAllAttempts": false,
        "overwrite": false,
        "html": false,
        "json": true,
        "reportDir": "cypress\\reports\\html\\.jsons"
      },
      "version": "6.2.0"
    }
  }
}