{
  "stats": {
    "suites": 2,
    "tests": 1,
    "passes": 1,
    "pending": 0,
    "failures": 0,
    "start": "2023-09-19T12:50:43.221Z",
    "end": "2023-09-19T12:50:45.187Z",
    "duration": 1966,
    "testsRegistered": 1,
    "passPercent": 100,
    "pendingPercent": 0,
    "other": 0,
    "hasOther": false,
    "skipped": 0,
    "hasSkipped": false
  },
  "results": [
    {
      "uuid": "b5d68db6-5093-468d-bac4-8f4c9ed233e7",
      "title": "",
      "fullFile": "cypress\\e2e\\ab_testing_spec.cy.js",
      "file": "cypress\\e2e\\ab_testing_spec.cy.js",
      "beforeHooks": [],
      "afterHooks": [],
      "tests": [],
      "suites": [
        {
          "uuid": "cdc76b1e-e1c4-4036-bf43-198633516a28",
          "title": "Testar página A/B Testing na url http://the-internet.herokuapp.com/",
          "fullFile": "",
          "file": "",
          "beforeHooks": [],
          "afterHooks": [],
          "tests": [],
          "suites": [
            {
              "uuid": "04581d23-cfcb-4f6a-80dc-67c48a1ae95c",
              "title": "Dado o click no link A/B Testing",
              "fullFile": "",
              "file": "",
              "beforeHooks": [],
              "afterHooks": [],
              "tests": [
                {
                  "title": "Então válido a mensagem da página",
                  "fullTitle": "Testar página A/B Testing na url http://the-internet.herokuapp.com/ Dado o click no link A/B Testing Então válido a mensagem da página",
                  "timedOut": null,
                  "duration": 1926,
                  "state": "passed",
                  "speed": "fast",
                  "pass": true,
                  "fail": false,
                  "pending": false,
                  "context": null,
                  "code": "cy.get('@ab_testing').then(ab_testing => {\n  cy.contains('A/B Testing').click();\n  cy.get(ab_testing.title.locator).should('be.visible').then(el => {\n    if (el[0].innerHTML.includes('Control')) {\n      expect(el[0].innerHTML, 'Assert Title').equal(ab_testing.title.control);\n    } else {\n      expect(el[0].innerHTML, 'Assert Title').equal(ab_testing.title.variation);\n    }\n    cy.get(ab_testing.description.locator).should('be.visible').then(el => {\n      expect(el[0].innerHTML, 'Assert Text').equal(ab_testing.description.text);\n    });\n  });\n});",
                  "err": {},
                  "uuid": "12c15cd0-5fb9-424c-9f3a-f4d417f2cfce",
                  "parentUUID": "04581d23-cfcb-4f6a-80dc-67c48a1ae95c",
                  "isHook": false,
                  "skipped": false
                }
              ],
              "suites": [],
              "passes": [
                "12c15cd0-5fb9-424c-9f3a-f4d417f2cfce"
              ],
              "failures": [],
              "pending": [],
              "skipped": [],
              "duration": 1926,
              "root": false,
              "rootEmpty": false,
              "_timeout": 2000
            }
          ],
          "passes": [],
          "failures": [],
          "pending": [],
          "skipped": [],
          "duration": 0,
          "root": false,
          "rootEmpty": false,
          "_timeout": 2000
        }
      ],
      "passes": [],
      "failures": [],
      "pending": [],
      "skipped": [],
      "duration": 0,
      "root": true,
      "rootEmpty": true,
      "_timeout": 2000
    }
  ],
  "meta": {
    "mocha": {
      "version": "7.0.1"
    },
    "mochawesome": {
      "options": {
        "quiet": false,
        "reportFilename": "mochawesome",
        "saveHtml": false,
        "saveJson": true,
        "consoleReporter": "spec",
        "useInlineDiffs": false,
        "code": true
      },
      "version": "7.1.3"
    },
    "marge": {
      "options": {
        "charts": true,
        "reportPageTitle": "Api Automation",
        "embeddedScreenshots": true,
        "inlineAssets": true,
        "saveAllAttempts": false,
        "overwrite": false,
        "html": false,
        "json": true,
        "reportDir": "cypress\\reports\\html\\.jsons"
      },
      "version": "6.2.0"
    }
  }
}