{
  "stats": {
    "suites": 2,
    "tests": 1,
    "passes": 0,
    "pending": 0,
    "failures": 1,
    "start": "2023-09-25T17:46:58.983Z",
    "end": "2023-09-25T17:47:03.340Z",
    "duration": 4357,
    "testsRegistered": 3,
    "passPercent": 0,
    "pendingPercent": 0,
    "other": 0,
    "hasOther": false,
    "skipped": 2,
    "hasSkipped": true
  },
  "results": [
    {
      "uuid": "51fa36c2-f755-4322-8ac2-8e7fcf6d9416",
      "title": "",
      "fullFile": "cypress\\e2e\\dropdown_spec.cy.js",
      "file": "cypress\\e2e\\dropdown_spec.cy.js",
      "beforeHooks": [],
      "afterHooks": [],
      "tests": [],
      "suites": [
        {
          "uuid": "7774eb89-3bb7-48b5-bed4-62276287c816",
          "title": "Testar página Disappearing Elements na url http://the-internet.herokuapp.com/",
          "fullFile": "",
          "file": "",
          "beforeHooks": [],
          "afterHooks": [],
          "tests": [],
          "suites": [
            {
              "uuid": "01d1e097-cb6d-4ab2-9e70-82bd970a58ca",
              "title": "Dado o click no link Dropdrown",
              "fullFile": "",
              "file": "",
              "beforeHooks": [],
              "afterHooks": [],
              "tests": [
                {
                  "title": "Então não deve estar selecionao nenhuma opção",
                  "fullTitle": "Testar página Disappearing Elements na url http://the-internet.herokuapp.com/ Dado o click no link Dropdrown Então não deve estar selecionao nenhuma opção",
                  "timedOut": null,
                  "duration": 4288,
                  "state": "failed",
                  "speed": null,
                  "pass": false,
                  "fail": true,
                  "pending": false,
                  "context": null,
                  "code": "cy.contains('Dropdown').should('be.visible').click();\ncy.get(_dropdown.default.title.locator).then(el => {\n  expect(el[0].innerText, 'Assert Title').equal('Dropdown List');\n});\ncy.get(_dropdown.default.dropdown.locator).then(el => {\n  expect(el[0].innerText, 'Assert default options').equal('Please select an option');\n});",
                  "err": {
                    "message": "CypressError: Timed out after waiting `4000ms` for your remote page to load.\n\nYour page did not fire its `load` event within `4000ms`.\n\nYou can try increasing the `pageLoadTimeout` value in `hml_cypress.config.js` to wait longer.\n\nBrowsers will not fire the `load` event until all stylesheets and scripts are done downloading.\n\nWhen this `load` event occurs, Cypress will continue running commands.\n\nBecause this error occurred during a `before each` hook we are skipping the remaining tests in the current suite: `Testar página Disappearing ...`",
                    "estack": "CypressError: Timed out after waiting `4000ms` for your remote page to load.\n\nYour page did not fire its `load` event within `4000ms`.\n\nYou can try increasing the `pageLoadTimeout` value in `hml_cypress.config.js` to wait longer.\n\nBrowsers will not fire the `load` event until all stylesheets and scripts are done downloading.\n\nWhen this `load` event occurs, Cypress will continue running commands.\n\nBecause this error occurred during a `before each` hook we are skipping the remaining tests in the current suite: `Testar página Disappearing ...`\n    at timedOutWaitingForPageLoad (http://the-internet.herokuapp.com/__cypress/runner/cypress_runner.js:130009:64)\n    at <unknown> (http://the-internet.herokuapp.com/__cypress/runner/cypress_runner.js:130983:16)\n    at tryCatcher (http://the-internet.herokuapp.com/__cypress/runner/cypress_runner.js:1807:23)\n    at <unknown> (http://the-internet.herokuapp.com/__cypress/runner/cypress_runner.js:4186:41)\n    at tryCatcher (http://the-internet.herokuapp.com/__cypress/runner/cypress_runner.js:1807:23)\n    at Promise._settlePromiseFromHandler (http://the-internet.herokuapp.com/__cypress/runner/cypress_runner.js:1519:31)\n    at Promise._settlePromise (http://the-internet.herokuapp.com/__cypress/runner/cypress_runner.js:1576:18)\n    at Promise._settlePromise0 (http://the-internet.herokuapp.com/__cypress/runner/cypress_runner.js:1621:10)\n    at Promise._settlePromises (http://the-internet.herokuapp.com/__cypress/runner/cypress_runner.js:1697:18)\n    at _drainQueueStep (http://the-internet.herokuapp.com/__cypress/runner/cypress_runner.js:2407:12)\n    at _drainQueue (http://the-internet.herokuapp.com/__cypress/runner/cypress_runner.js:2400:9)\n    at Async._drainQueues (http://the-internet.herokuapp.com/__cypress/runner/cypress_runner.js:2416:5)\n    at Async.drainQueues (http://the-internet.herokuapp.com/__cypress/runner/cypress_runner.js:2286:14)\nFrom Your Spec Code:\n    at Context.eval (webpack:///../cypress/support/commands.js:6:7)",
                    "diff": null
                  },
                  "uuid": "afd5a312-6c0b-4954-a458-2394125c2c66",
                  "parentUUID": "01d1e097-cb6d-4ab2-9e70-82bd970a58ca",
                  "isHook": false,
                  "skipped": false
                }
              ],
              "suites": [],
              "passes": [],
              "failures": [
                "afd5a312-6c0b-4954-a458-2394125c2c66"
              ],
              "pending": [],
              "skipped": [],
              "duration": 4288,
              "root": false,
              "rootEmpty": false,
              "_timeout": 2000
            },
            {
              "uuid": "1a7434b9-fd67-4867-ad0a-1f2c1558dcce",
              "title": "Dado o click no link Dropdrown",
              "fullFile": "",
              "file": "",
              "beforeHooks": [],
              "afterHooks": [],
              "tests": [
                {
                  "title": "Então seleciono a opção Option 1",
                  "fullTitle": "Testar página Disappearing Elements na url http://the-internet.herokuapp.com/ Dado o click no link Dropdrown Então seleciono a opção Option 1",
                  "timedOut": null,
                  "duration": 0,
                  "state": "skipped",
                  "speed": null,
                  "pass": false,
                  "fail": false,
                  "pending": false,
                  "context": null,
                  "code": "console.log(result.index);\ncy.contains('Dropdown').should('be.visible').click();\ncy.get(_dropdown.default.title.locator).then(el => {\n  expect(el[0].innerText, 'Assert Title').equal('Dropdown List');\n});\ncy.get(_dropdown.default.dropdown.locator).then(el => {\n  expect(el[result.index].innerText, 'Assert default options').equal(result.value);\n  if (result.index == 1) {\n    cy.reload();\n  }\n});",
                  "err": {},
                  "uuid": "0f7edaed-0c08-4032-9452-0a1d686f11f7",
                  "parentUUID": null,
                  "isHook": false,
                  "skipped": true
                },
                {
                  "title": "Então seleciono a opção Option 2",
                  "fullTitle": "Testar página Disappearing Elements na url http://the-internet.herokuapp.com/ Dado o click no link Dropdrown Então seleciono a opção Option 2",
                  "timedOut": null,
                  "duration": 0,
                  "state": "skipped",
                  "speed": null,
                  "pass": false,
                  "fail": false,
                  "pending": false,
                  "context": null,
                  "code": "console.log(result.index);\ncy.contains('Dropdown').should('be.visible').click();\ncy.get(_dropdown.default.title.locator).then(el => {\n  expect(el[0].innerText, 'Assert Title').equal('Dropdown List');\n});\ncy.get(_dropdown.default.dropdown.locator).then(el => {\n  expect(el[result.index].innerText, 'Assert default options').equal(result.value);\n  if (result.index == 1) {\n    cy.reload();\n  }\n});",
                  "err": {},
                  "uuid": "1ab07a3d-210d-4bad-9ea8-1a1b72a2297d",
                  "parentUUID": null,
                  "isHook": false,
                  "skipped": true
                }
              ],
              "suites": [],
              "passes": [],
              "failures": [],
              "pending": [],
              "skipped": [
                "0f7edaed-0c08-4032-9452-0a1d686f11f7",
                "1ab07a3d-210d-4bad-9ea8-1a1b72a2297d"
              ],
              "duration": 0,
              "root": false,
              "rootEmpty": false,
              "_timeout": 2000
            }
          ],
          "passes": [],
          "failures": [],
          "pending": [],
          "skipped": [],
          "duration": 0,
          "root": false,
          "rootEmpty": false,
          "_timeout": 2000
        }
      ],
      "passes": [],
      "failures": [],
      "pending": [],
      "skipped": [],
      "duration": 0,
      "root": true,
      "rootEmpty": true,
      "_timeout": 2000
    }
  ],
  "meta": {
    "mocha": {
      "version": "7.0.1"
    },
    "mochawesome": {
      "options": {
        "quiet": false,
        "reportFilename": "mochawesome",
        "saveHtml": false,
        "saveJson": true,
        "consoleReporter": "spec",
        "useInlineDiffs": false,
        "code": true
      },
      "version": "7.1.3"
    },
    "marge": {
      "options": {
        "charts": true,
        "reportPageTitle": "Api Automation",
        "embeddedScreenshots": true,
        "inlineAssets": true,
        "saveAllAttempts": false,
        "overwrite": false,
        "html": false,
        "json": true,
        "reportDir": "cypress\\reports\\html\\.jsons"
      },
      "version": "6.2.0"
    }
  }
}